<?xml version="1.0" encoding="UTF-8"?>
<coverage generated="1756899656035" clover="3.2.0">
  <project timestamp="1756899656035" name="All files">
    <metrics statements="35" coveredstatements="34" conditionals="14" coveredconditionals="13" methods="6" coveredmethods="6" elements="55" coveredelements="53" complexity="0" loc="35" ncloc="35" packages="1" files="4" classes="4"/>
    <file name="StringJson.js" path="/home/Egor/backend-project-46/src/StringJson.js">
      <metrics statements="6" coveredstatements="6" conditionals="0" coveredconditionals="0" methods="3" coveredmethods="3"/>
      <line num="1" count="1" type="stmt"/>
      <line num="2" count="6" type="stmt"/>
      <line num="8" count="6" type="stmt"/>
      <line num="11" count="1" type="stmt"/>
      <line num="12" count="6" type="stmt"/>
      <line num="13" count="1" type="stmt"/>
    </file>
    <file name="gendiff.js" path="/home/Egor/backend-project-46/src/gendiff.js">
      <metrics statements="9" coveredstatements="9" conditionals="0" coveredconditionals="0" methods="1" coveredmethods="1"/>
      <line num="7" count="1" type="stmt"/>
      <line num="8" count="1" type="stmt"/>
      <line num="9" count="1" type="stmt"/>
      <line num="10" count="1" type="stmt"/>
      <line num="11" count="1" type="stmt"/>
      <line num="13" count="1" type="stmt"/>
      <line num="14" count="1" type="stmt"/>
      <line num="16" count="1" type="stmt"/>
      <line num="17" count="1" type="stmt"/>
    </file>
    <file name="generateDiffTree.js" path="/home/Egor/backend-project-46/src/generateDiffTree.js">
      <metrics statements="16" coveredstatements="16" conditionals="10" coveredconditionals="10" methods="1" coveredmethods="1"/>
      <line num="3" count="1" type="stmt"/>
      <line num="4" count="1" type="stmt"/>
      <line num="5" count="1" type="stmt"/>
      <line num="6" count="1" type="stmt"/>
      <line num="7" count="1" type="stmt"/>
      <line num="8" count="1" type="stmt"/>
      <line num="9" count="1" type="stmt"/>
      <line num="10" count="5" type="cond" truecount="4" falsecount="0"/>
      <line num="11" count="2" type="stmt"/>
      <line num="13" count="3" type="cond" truecount="4" falsecount="0"/>
      <line num="14" count="1" type="stmt"/>
      <line num="16" count="2" type="cond" truecount="2" falsecount="0"/>
      <line num="17" count="1" type="stmt"/>
      <line num="20" count="1" type="stmt"/>
      <line num="21" count="1" type="stmt"/>
      <line num="24" count="1" type="stmt"/>
    </file>
    <file name="parsers.js" path="/home/Egor/backend-project-46/src/parsers.js">
      <metrics statements="4" coveredstatements="3" conditionals="4" coveredconditionals="3" methods="1" coveredmethods="1"/>
      <line num="3" count="1" type="stmt"/>
      <line num="4" count="2" type="cond" truecount="3" falsecount="1"/>
      <line num="5" count="0" type="stmt"/>
      <line num="7" count="2" type="stmt"/>
    </file>
  </project>
</coverage>
