{"/home/Egor/backend-project-46/src/StringJson.js": {"path":"/home/Egor/backend-project-46/src/StringJson.js","statementMap":{"0":{"start":{"line":1,"column":19},"end":{"line":9,"column":1}},"1":{"start":{"line":2,"column":17},"end":{"line":6,"column":14}},"2":{"start":{"line":8,"column":2},"end":{"line":8,"column":53}},"3":{"start":{"line":11,"column":25},"end":{"line":14,"column":1}},"4":{"start":{"line":12,"column":16},"end":{"line":12,"column":50}},"5":{"start":{"line":12,"column":33},"end":{"line":12,"column":49}},"6":{"start":{"line":13,"column":2},"end":{"line":13,"column":40}}},"fnMap":{"0":{"name":"(anonymous_0)","decl":{"start":{"line":1,"column":19},"end":{"line":1,"column":20}},"loc":{"start":{"line":1,"column":29},"end":{"line":9,"column":1}},"line":1},"1":{"name":"(anonymous_1)","decl":{"start":{"line":11,"column":25},"end":{"line":11,"column":26}},"loc":{"start":{"line":11,"column":35},"end":{"line":14,"column":1}},"line":11},"2":{"name":"(anonymous_2)","decl":{"start":{"line":12,"column":25},"end":{"line":12,"column":26}},"loc":{"start":{"line":12,"column":33},"end":{"line":12,"column":49}},"line":12}},"branchMap":{},"s":{"0":1,"1":6,"2":6,"3":1,"4":1,"5":6,"6":1},"f":{"0":6,"1":1,"2":6},"b":{},"_coverageSchema":"1a1c01bbd47fc00a2c39e90264f33305004495a9","hash":"3974d530da3b13c4ec4c67c8d9f57bfadf8f8bf6"}
,"/home/Egor/backend-project-46/src/gendiff.js": {"path":"/home/Egor/backend-project-46/src/gendiff.js","statementMap":{"0":{"start":{"line":7,"column":16},"end":{"line":18,"column":1}},"1":{"start":{"line":8,"column":16},"end":{"line":8,"column":51}},"2":{"start":{"line":9,"column":16},"end":{"line":9,"column":51}},"3":{"start":{"line":10,"column":18},"end":{"line":10,"column":41}},"4":{"start":{"line":11,"column":18},"end":{"line":11,"column":41}},"5":{"start":{"line":13,"column":15},"end":{"line":13,"column":37}},"6":{"start":{"line":14,"column":15},"end":{"line":14,"column":37}},"7":{"start":{"line":16,"column":19},"end":{"line":16,"column":47}},"8":{"start":{"line":17,"column":2},"end":{"line":17,"column":35}}},"fnMap":{"0":{"name":"(anonymous_0)","decl":{"start":{"line":7,"column":16},"end":{"line":7,"column":17}},"loc":{"start":{"line":7,"column":42},"end":{"line":18,"column":1}},"line":7}},"branchMap":{},"s":{"0":1,"1":1,"2":1,"3":1,"4":1,"5":1,"6":1,"7":1,"8":1},"f":{"0":1},"b":{},"_coverageSchema":"1a1c01bbd47fc00a2c39e90264f33305004495a9","hash":"a7e5ab562099e88b438b8bff8e86fe20c113ed14"}
,"/home/Egor/backend-project-46/src/generateDiffTree.js": {"path":"/home/Egor/backend-project-46/src/generateDiffTree.js","statementMap":{"0":{"start":{"line":3,"column":25},"end":{"line":25,"column":1}},"1":{"start":{"line":4,"column":16},"end":{"line":4,"column":33}},"2":{"start":{"line":5,"column":16},"end":{"line":5,"column":33}},"3":{"start":{"line":6,"column":18},"end":{"line":6,"column":39}},"4":{"start":{"line":7,"column":21},"end":{"line":7,"column":38}},"5":{"start":{"line":8,"column":15},"end":{"line":8,"column":17}},"6":{"start":{"line":9,"column":2},"end":{"line":23,"column":3}},"7":{"start":{"line":10,"column":4},"end":{"line":22,"column":5}},"8":{"start":{"line":11,"column":6},"end":{"line":11,"column":68}},"9":{"start":{"line":13,"column":9},"end":{"line":22,"column":5}},"10":{"start":{"line":14,"column":6},"end":{"line":14,"column":66}},"11":{"start":{"line":16,"column":9},"end":{"line":22,"column":5}},"12":{"start":{"line":17,"column":6},"end":{"line":17,"column":70}},"13":{"start":{"line":20,"column":6},"end":{"line":20,"column":68}},"14":{"start":{"line":21,"column":6},"end":{"line":21,"column":66}},"15":{"start":{"line":24,"column":2},"end":{"line":24,"column":13}}},"fnMap":{"0":{"name":"(anonymous_0)","decl":{"start":{"line":3,"column":25},"end":{"line":3,"column":26}},"loc":{"start":{"line":3,"column":41},"end":{"line":25,"column":1}},"line":3}},"branchMap":{"0":{"loc":{"start":{"line":10,"column":4},"end":{"line":22,"column":5}},"type":"if","locations":[{"start":{"line":10,"column":4},"end":{"line":22,"column":5}},{"start":{"line":13,"column":9},"end":{"line":22,"column":5}}],"line":10},"1":{"loc":{"start":{"line":10,"column":8},"end":{"line":10,"column":61}},"type":"binary-expr","locations":[{"start":{"line":10,"column":8},"end":{"line":10,"column":32}},{"start":{"line":10,"column":36},"end":{"line":10,"column":61}}],"line":10},"2":{"loc":{"start":{"line":13,"column":9},"end":{"line":22,"column":5}},"type":"if","locations":[{"start":{"line":13,"column":9},"end":{"line":22,"column":5}},{"start":{"line":16,"column":9},"end":{"line":22,"column":5}}],"line":13},"3":{"loc":{"start":{"line":13,"column":13},"end":{"line":13,"column":66}},"type":"binary-expr","locations":[{"start":{"line":13,"column":13},"end":{"line":13,"column":38}},{"start":{"line":13,"column":42},"end":{"line":13,"column":66}}],"line":13},"4":{"loc":{"start":{"line":16,"column":9},"end":{"line":22,"column":5}},"type":"if","locations":[{"start":{"line":16,"column":9},"end":{"line":22,"column":5}},{"start":{"line":19,"column":9},"end":{"line":22,"column":5}}],"line":16}},"s":{"0":1,"1":1,"2":1,"3":1,"4":1,"5":1,"6":1,"7":5,"8":2,"9":3,"10":1,"11":2,"12":1,"13":1,"14":1,"15":1},"f":{"0":1},"b":{"0":[2,3],"1":[5,4],"2":[1,2],"3":[3,1],"4":[1,1]},"_coverageSchema":"1a1c01bbd47fc00a2c39e90264f33305004495a9","hash":"523a361b09e98f31a6c25fb698faf1e72340973d"}
,"/home/Egor/backend-project-46/src/parsers.js": {"path":"/home/Egor/backend-project-46/src/parsers.js","statementMap":{"0":{"start":{"line":3,"column":15},"end":{"line":8,"column":1}},"1":{"start":{"line":4,"column":2},"end":{"line":6,"column":3}},"2":{"start":{"line":5,"column":4},"end":{"line":5,"column":35}},"3":{"start":{"line":7,"column":2},"end":{"line":7,"column":25}}},"fnMap":{"0":{"name":"(anonymous_0)","decl":{"start":{"line":3,"column":15},"end":{"line":3,"column":16}},"loc":{"start":{"line":3,"column":33},"end":{"line":8,"column":1}},"line":3}},"branchMap":{"0":{"loc":{"start":{"line":4,"column":2},"end":{"line":6,"column":3}},"type":"if","locations":[{"start":{"line":4,"column":2},"end":{"line":6,"column":3}},{"start":{},"end":{}}],"line":4},"1":{"loc":{"start":{"line":4,"column":6},"end":{"line":4,"column":45}},"type":"binary-expr","locations":[{"start":{"line":4,"column":6},"end":{"line":4,"column":24}},{"start":{"line":4,"column":28},"end":{"line":4,"column":45}}],"line":4}},"s":{"0":1,"1":2,"2":0,"3":2},"f":{"0":2},"b":{"0":[0,2],"1":[2,2]},"_coverageSchema":"1a1c01bbd47fc00a2c39e90264f33305004495a9","hash":"b366a2fcae9ab3e83a116402e33c6c35091bc8d4"}
}
