TN:
SF:src/StringJson.js
FN:1,(anonymous_0)
FN:11,(anonymous_1)
FN:12,(anonymous_2)
FNF:3
FNH:3
FNDA:6,(anonymous_0)
FNDA:1,(anonymous_1)
FNDA:6,(anonymous_2)
DA:1,1
DA:2,6
DA:8,6
DA:11,1
DA:12,6
DA:13,1
LF:6
LH:6
BRF:0
BRH:0
end_of_record
TN:
SF:src/gendiff.js
FN:7,(anonymous_0)
FNF:1
FNH:1
FNDA:1,(anonymous_0)
DA:7,1
DA:8,1
DA:9,1
DA:10,1
DA:11,1
DA:13,1
DA:14,1
DA:16,1
DA:17,1
LF:9
LH:9
BRF:0
BRH:0
end_of_record
TN:
SF:src/generateDiffTree.js
FN:3,(anonymous_0)
FNF:1
FNH:1
FNDA:1,(anonymous_0)
DA:3,1
DA:4,1
DA:5,1
DA:6,1
DA:7,1
DA:8,1
DA:9,1
DA:10,5
DA:11,2
DA:13,3
DA:14,1
DA:16,2
DA:17,1
DA:20,1
DA:21,1
DA:24,1
LF:16
LH:16
BRDA:10,0,0,2
BRDA:10,0,1,3
BRDA:10,1,0,5
BRDA:10,1,1,4
BRDA:13,2,0,1
BRDA:13,2,1,2
BRDA:13,3,0,3
BRDA:13,3,1,1
BRDA:16,4,0,1
BRDA:16,4,1,1
BRF:10
BRH:10
end_of_record
TN:
SF:src/parsers.js
FN:3,(anonymous_0)
FNF:1
FNH:1
FNDA:2,(anonymous_0)
DA:3,1
DA:4,2
DA:5,0
DA:7,2
LF:4
LH:3
BRDA:4,0,0,0
BRDA:4,0,1,2
BRDA:4,1,0,2
BRDA:4,1,1,2
BRF:4
BRH:3
end_of_record
